This is pdfTeX, Version 3.1415926-2.3-1.40.12 (TeX Live 2011) (format=pdflatex 2011.7.3)  9 SEP 2013 23:03
entering extended mode
 restricted \write18 enabled.
 %&-line parsing enabled.
**dissertation
(./dissertation.tex
LaTeX2e <2009/09/24>
Babel <v3.8l> and hyphenation patterns for english, dumylang, nohyphenation, ge
rman-x-2009-06-19, ngerman-x-2009-06-19, afrikaans, ancientgreek, ibycus, arabi
c, armenian, basque, bulgarian, catalan, pinyin, coptic, croatian, czech, danis
h, dutch, ukenglish, usenglishmax, esperanto, estonian, ethiopic, farsi, finnis
h, french, galician, german, ngerman, swissgerman, monogreek, greek, hungarian,
 icelandic, assamese, bengali, gujarati, hindi, kannada, malayalam, marathi, or
iya, panjabi, tamil, telugu, indonesian, interlingua, irish, italian, kurmanji,
 lao, latin, latvian, lithuanian, mongolian, mongolianlmc, bokmal, nynorsk, pol
ish, portuguese, romanian, russian, sanskrit, serbian, serbianc, slovak, sloven
ian, spanish, swedish, turkish, turkmen, ukrainian, uppersorbian, welsh, loaded
.
(/usr/local/texlive/2011/texmf-dist/tex/latex/base/report.cls
Document Class: report 2007/10/19 v1.4h Standard LaTeX document class
(/usr/local/texlive/2011/texmf-dist/tex/latex/base/size12.clo
File: size12.clo 2007/10/19 v1.4h Standard LaTeX file (size option)
)
\c@part=\count79
\c@chapter=\count80
\c@section=\count81
\c@subsection=\count82
\c@subsubsection=\count83
\c@paragraph=\count84
\c@subparagraph=\count85
\c@figure=\count86
\c@table=\count87
\abovecaptionskip=\skip41
\belowcaptionskip=\skip42
\bibindent=\dimen102
)
(/usr/local/texlive/2011/texmf-dist/tex/latex/natbib/natbib.sty
Package: natbib 2010/09/13 8.31b (PWD, AO)
\bibhang=\skip43
\bibsep=\skip44
LaTeX Info: Redefining \cite on input line 694.
\c@NAT@ctr=\count88
)
(./nmtthesis2013.sty
Package: nmtthesis2013 2013/02/26 v1.2 (J. Shipman)

NMIMTCC thesis format, 2013/02/26 v1.2
(/usr/local/texlive/2011/texmf-dist/tex/latex/psnfss/mathpazo.sty
Package: mathpazo 2005/04/12 PSNFSS-v9.2a Palatino w/ Pazo Math (D.Puga, WaS) 
\symupright=\mathgroup4
)
(/usr/local/texlive/2011/texmf-dist/tex/latex/base/ifthen.sty
Package: ifthen 2001/05/26 v1.1c Standard LaTeX ifthen package (DPC)
)
\c@signature@count=\count89
\pre@sectionskip=\skip45
\post@sectionskip=\skip46
\bib@margin=\skip47
)
(/usr/local/texlive/2011/texmf-dist/tex/latex/pdfpages/pdfpages.sty
Package: pdfpages 2011/03/10 v0.4n Insert pages of external PDF documents (AM)

(/usr/local/texlive/2011/texmf-dist/tex/latex/tools/calc.sty
Package: calc 2007/08/22 v4.3 Infix arithmetic (KKT,FJ)
\calc@Acount=\count90
\calc@Bcount=\count91
\calc@Adimen=\dimen103
\calc@Bdimen=\dimen104
\calc@Askip=\skip48
\calc@Bskip=\skip49
LaTeX Info: Redefining \setlength on input line 76.
LaTeX Info: Redefining \addtolength on input line 77.
\calc@Ccount=\count92
\calc@Cskip=\skip50
)
(/usr/local/texlive/2011/texmf-dist/tex/latex/eso-pic/eso-pic.sty
Package: eso-pic 2010/10/06 v2.0c eso-pic (RN)

(/usr/local/texlive/2011/texmf-dist/tex/generic/oberdiek/atbegshi.sty
Package: atbegshi 2011/01/30 v1.15 At begin shipout hook (HO)

(/usr/local/texlive/2011/texmf-dist/tex/generic/oberdiek/infwarerr.sty
Package: infwarerr 2010/04/08 v1.3 Providing info/warning/message (HO)
)
(/usr/local/texlive/2011/texmf-dist/tex/generic/oberdiek/ltxcmds.sty
Package: ltxcmds 2011/04/18 v1.20 LaTeX kernel commands for general use (HO)
)
(/usr/local/texlive/2011/texmf-dist/tex/generic/oberdiek/ifpdf.sty
Package: ifpdf 2011/01/30 v2.3 Provides the ifpdf switch (HO)
Package ifpdf Info: pdfTeX in PDF mode is detected.
))
(/usr/local/texlive/2011/texmf-dist/tex/latex/graphics/keyval.sty
Package: keyval 1999/03/16 v1.13 key=value parser (DPC)
\KV@toks@=\toks14
)
(/usr/local/texlive/2011/texmf-dist/tex/latex/xcolor/xcolor.sty
Package: xcolor 2007/01/21 v2.11 LaTeX color extensions (UK)

(/usr/local/texlive/2011/texmf-dist/tex/latex/latexconfig/color.cfg
File: color.cfg 2007/01/18 v1.5 color configuration of teTeX/TeXLive
)
Package xcolor Info: Driver file: pdftex.def on input line 225.

(/usr/local/texlive/2011/texmf-dist/tex/latex/pdftex-def/pdftex.def
File: pdftex.def 2011/05/27 v0.06d Graphics/color for pdfTeX
\Gread@gobject=\count93
)
Package xcolor Info: Model `cmy' substituted by `cmy0' on input line 1337.
Package xcolor Info: Model `hsb' substituted by `rgb' on input line 1341.
Package xcolor Info: Model `RGB' extended on input line 1353.
Package xcolor Info: Model `HTML' substituted by `rgb' on input line 1355.
Package xcolor Info: Model `Hsb' substituted by `hsb' on input line 1356.
Package xcolor Info: Model `tHsb' substituted by `hsb' on input line 1357.
Package xcolor Info: Model `HSB' substituted by `hsb' on input line 1358.
Package xcolor Info: Model `Gray' substituted by `gray' on input line 1359.
Package xcolor Info: Model `wave' substituted by `hsb' on input line 1360.
))
(/usr/local/texlive/2011/texmf-dist/tex/latex/graphics/graphicx.sty
Package: graphicx 1999/02/16 v1.0f Enhanced LaTeX Graphics (DPC,SPQR)

(/usr/local/texlive/2011/texmf-dist/tex/latex/graphics/graphics.sty
Package: graphics 2009/02/05 v1.0o Standard LaTeX Graphics (DPC,SPQR)

(/usr/local/texlive/2011/texmf-dist/tex/latex/graphics/trig.sty
Package: trig 1999/03/16 v1.09 sin cos tan (DPC)
)
(/usr/local/texlive/2011/texmf-dist/tex/latex/latexconfig/graphics.cfg
File: graphics.cfg 2010/04/23 v1.9 graphics configuration of TeX Live
)
Package graphics Info: Driver file: pdftex.def on input line 91.
)
\Gin@req@height=\dimen105
\Gin@req@width=\dimen106
)
(/usr/local/texlive/2011/texmf-dist/tex/latex/pdfpages/pppdftex.def
File: pppdftex.def 2011/03/10 v0.4n Pdfpages driver for pdfTeX (AM)
)
\AM@pagebox=\box26
\AM@toc@title=\toks15
\c@AM@survey=\count94
\AM@templatesizebox=\box27
)
(./dissertation.aux

LaTeX Warning: Label `foo3' multiply defined.

)
\openout1 = `dissertation.aux'.

LaTeX Font Info:    Checking defaults for OML/cmm/m/it on input line 43.
LaTeX Font Info:    ... okay on input line 43.
LaTeX Font Info:    Checking defaults for T1/cmr/m/n on input line 43.
LaTeX Font Info:    ... okay on input line 43.
LaTeX Font Info:    Checking defaults for OT1/cmr/m/n on input line 43.
LaTeX Font Info:    ... okay on input line 43.
LaTeX Font Info:    Checking defaults for OMS/cmsy/m/n on input line 43.
LaTeX Font Info:    ... okay on input line 43.
LaTeX Font Info:    Checking defaults for OMX/cmex/m/n on input line 43.
LaTeX Font Info:    ... okay on input line 43.
LaTeX Font Info:    Checking defaults for U/cmr/m/n on input line 43.
LaTeX Font Info:    ... okay on input line 43.
LaTeX Font Info:    Try loading font information for OT1+ppl on input line 43.
 (/usr/local/texlive/2011/texmf-dist/tex/latex/psnfss/ot1ppl.fd
File: ot1ppl.fd 2001/06/04 font definitions for OT1/ppl.
)
\big@size=\dimen107
\AtBeginShipoutBox=\box28

(/usr/local/texlive/2011/texmf-dist/tex/context/base/supp-pdf.mkii
[Loading MPS to PDF converter (version 2006.09.02).]
\scratchcounter=\count95
\scratchdimen=\dimen108
\scratchbox=\box29
\nofMPsegments=\count96
\nofMParguments=\count97
\everyMPshowfont=\toks16
\MPscratchCnt=\count98
\MPscratchDim=\dimen109
\MPnumerator=\count99
\makeMPintoPDFobject=\count100
\everyMPtoPDFconversion=\toks17
) (/usr/local/texlive/2011/texmf-dist/tex/generic/oberdiek/pdftexcmds.sty
Package: pdftexcmds 2011/04/22 v0.16 Utilities of pdfTeX for LuaTeX (HO)

(/usr/local/texlive/2011/texmf-dist/tex/generic/oberdiek/ifluatex.sty
Package: ifluatex 2010/03/01 v1.3 Provides the ifluatex switch (HO)
Package ifluatex Info: LuaTeX not detected.
)
Package pdftexcmds Info: LuaTeX not detected.
Package pdftexcmds Info: \pdf@primitive is available.
Package pdftexcmds Info: \pdf@ifprimitive is available.
Package pdftexcmds Info: \pdfdraftmode found.
)
(/usr/local/texlive/2011/texmf-dist/tex/latex/oberdiek/epstopdf-base.sty
Package: epstopdf-base 2010/02/09 v2.5 Base part for package epstopdf

(/usr/local/texlive/2011/texmf-dist/tex/latex/oberdiek/grfext.sty
Package: grfext 2010/08/19 v1.1 Managing graphics extensions (HO)

(/usr/local/texlive/2011/texmf-dist/tex/generic/oberdiek/kvdefinekeys.sty
Package: kvdefinekeys 2011/04/07 v1.3 Defining keys (HO)
))
(/usr/local/texlive/2011/texmf-dist/tex/latex/oberdiek/kvoptions.sty
Package: kvoptions 2010/12/23 v3.10 Keyval support for LaTeX options (HO)

(/usr/local/texlive/2011/texmf-dist/tex/generic/oberdiek/kvsetkeys.sty
Package: kvsetkeys 2011/04/07 v1.13 Key value parser (HO)

(/usr/local/texlive/2011/texmf-dist/tex/generic/oberdiek/etexcmds.sty
Package: etexcmds 2011/02/16 v1.5 Prefix for e-TeX command names (HO)
Package etexcmds Info: Could not find \expanded.
(etexcmds)             That can mean that you are not using pdfTeX 1.50 or
(etexcmds)             that some package has redefined \expanded.
(etexcmds)             In the latter case, load this package earlier.
)))
Package grfext Info: Graphics extension search list:
(grfext)             [.png,.pdf,.jpg,.mps,.jpeg,.jbig2,.jb2,.PNG,.PDF,.JPG,.JPE
G,.JBIG2,.JB2,.eps]
(grfext)             \AppendGraphicsExtensions on input line 452.

(/usr/local/texlive/2011/texmf-dist/tex/latex/latexconfig/epstopdf-sys.cfg
File: epstopdf-sys.cfg 2010/07/13 v1.3 Configuration of (r)epstopdf for TeX Liv
e
))
[1


{/usr/local/texlive/2011/texmf-var/fonts/map/pdftex/updmap/pdftex.map}]
LaTeX Font Info:    Font shape `OT1/ppl/bx/n' in size <14.4> not available
(Font)              Font shape `OT1/ppl/b/n' tried instead on input line 55.

[1]
Missing character: There is no ‚ in font pplr7t!
Missing character: There is no Ä in font pplr7t!
Missing character: There is no ú in font pplr7t!
Missing character: There is no ‚ in font pplr7t!
Missing character: There is no Ä in font pplr7t!
Missing character: There is no ù in font pplr7t!
Missing character: There is no ‚ in font pplr7t!
Missing character: There is no Ä in font pplr7t!
Missing character: There is no ô in font pplr7t!
Missing character: There is no ‚ in font pplr7t!
Missing character: There is no Ä in font pplr7t!
Missing character: There is no ô in font pplr7t!
Missing character: There is no ¬ in font pplr7t!
Missing character: There is no ± in font pplr7t!
 [2

] [3] <table.pdf, id=20, page=1, 794.97pt x 614.295pt>
File: table.pdf Graphic file (type pdf)

<use table.pdf, page 1>
Package pdftex.def Info: table.pdf, page1 used on input line 75.
(pdftex.def)             Requested size: 794.96806pt x 614.29349pt.
File: table.pdf Graphic file (type pdf)
 <use table.pdf, page 1>
Package pdftex.def Info: table.pdf, page1 used on input line 75.
(pdftex.def)             Requested size: 785.99167pt x 607.35718pt.
File: table.pdf Graphic file (type pdf)
 <use table.pdf, page 1>
Package pdftex.def Info: table.pdf, page1 used on input line 75.
(pdftex.def)             Requested size: 785.99167pt x 607.35718pt.
File: table.pdf Graphic file (type pdf)

<use table.pdf, page 1>
Package pdftex.def Info: table.pdf, page1 used on input line 75.
(pdftex.def)             Requested size: 785.99167pt x 607.35718pt.
File: table.pdf Graphic file (type pdf)
 <use table.pdf, page 1>
Package pdftex.def Info: table.pdf, page1 used on input line 75.
(pdftex.def)             Requested size: 785.99167pt x 607.35718pt.
 [4 <./table.pdf>]
File: table.pdf Graphic file (type pdf)

<use table.pdf, page 1>
Package pdftex.def Info: table.pdf, page1 used on input line 77.
(pdftex.def)             Requested size: 794.96806pt x 614.29349pt.
File: table.pdf Graphic file (type pdf)
 <use table.pdf, page 1>
Package pdftex.def Info: table.pdf, page1 used on input line 77.
(pdftex.def)             Requested size: 785.99167pt x 607.35718pt.
File: table.pdf Graphic file (type pdf)
 <use table.pdf, page 1>
Package pdftex.def Info: table.pdf, page1 used on input line 77.
(pdftex.def)             Requested size: 785.99167pt x 607.35718pt.
File: table.pdf Graphic file (type pdf)

<use table.pdf, page 1>
Package pdftex.def Info: table.pdf, page1 used on input line 77.
(pdftex.def)             Requested size: 785.99167pt x 607.35718pt.
File: table.pdf Graphic file (type pdf)
 <use table.pdf, page 1>
Package pdftex.def Info: table.pdf, page1 used on input line 77.
(pdftex.def)             Requested size: 785.99167pt x 607.35718pt.
 [5]
File: table.pdf Graphic file (type pdf)
 <use table.pdf, page 1>
Package pdftex.def Info: table.pdf, page1 used on input line 79.
(pdftex.def)             Requested size: 794.96806pt x 614.29349pt.
File: table.pdf Graphic file (type pdf)

<use table.pdf, page 1>
Package pdftex.def Info: table.pdf, page1 used on input line 79.
(pdftex.def)             Requested size: 785.99167pt x 607.35718pt.
File: table.pdf Graphic file (type pdf)
 <use table.pdf, page 1>
Package pdftex.def Info: table.pdf, page1 used on input line 79.
(pdftex.def)             Requested size: 785.99167pt x 607.35718pt.
File: table.pdf Graphic file (type pdf)
 <use table.pdf, page 1>
Package pdftex.def Info: table.pdf, page1 used on input line 79.
(pdftex.def)             Requested size: 785.99167pt x 607.35718pt.
File: table.pdf Graphic file (type pdf)

<use table.pdf, page 1>
Package pdftex.def Info: table.pdf, page1 used on input line 79.
(pdftex.def)             Requested size: 785.99167pt x 607.35718pt.
 [6] <figure.pdf, id=42, page=1, 614.295pt x 794.97pt>
File: figure.pdf Graphic file (type pdf)

<use figure.pdf, page 1>
Package pdftex.def Info: figure.pdf, page1 used on input line 81.
(pdftex.def)             Requested size: 614.29349pt x 794.96806pt.
File: figure.pdf Graphic file (type pdf)
 <use figure.pdf, page 1>
Package pdftex.def Info: figure.pdf, page1 used on input line 81.
(pdftex.def)             Requested size: 469.66231pt x 607.7983pt.
File: figure.pdf Graphic file (type pdf)
 <use figure.pdf, page 1>
Package pdftex.def Info: figure.pdf, page1 used on input line 81.
(pdftex.def)             Requested size: 469.66231pt x 607.7983pt.
File: figure.pdf Graphic file (type pdf)

<use figure.pdf, page 1>
Package pdftex.def Info: figure.pdf, page1 used on input line 81.
(pdftex.def)             Requested size: 469.66231pt x 607.7983pt.
File: figure.pdf Graphic file (type pdf)
 <use figure.pdf, page 1>
Package pdftex.def Info: figure.pdf, page1 used on input line 81.
(pdftex.def)             Requested size: 469.66231pt x 607.7983pt.
 [7 <./figure.pdf>]
LaTeX Font Info:    Font shape `OT1/ppl/bx/n' in size <12> not available
(Font)              Font shape `OT1/ppl/b/n' tried instead on input line 87.
 [8]
LaTeX Font Info:    Try loading font information for OML+zplm on input line 93.


(/usr/local/texlive/2011/texmf-dist/tex/latex/psnfss/omlzplm.fd
File: omlzplm.fd 2002/09/08 Fontinst v1.914 font definitions for OML/zplm.
)
LaTeX Font Info:    Try loading font information for OMS+zplm on input line 93.


(/usr/local/texlive/2011/texmf-dist/tex/latex/psnfss/omszplm.fd
File: omszplm.fd 2002/09/08 Fontinst v1.914 font definitions for OMS/zplm.
)
LaTeX Font Info:    Try loading font information for OMX+zplm on input line 93.


(/usr/local/texlive/2011/texmf-dist/tex/latex/psnfss/omxzplm.fd
File: omxzplm.fd 2002/09/08 Fontinst v1.914 font definitions for OMX/zplm.
)
LaTeX Font Info:    Try loading font information for OT1+zplm on input line 93.


(/usr/local/texlive/2011/texmf-dist/tex/latex/psnfss/ot1zplm.fd
File: ot1zplm.fd 2002/09/08 Fontinst v1.914 font definitions for OT1/zplm.
) [2

]
(./dissertation.toc [3

]
Overfull \hbox (4.41158pt too wide) in paragraph at lines 16--16
 [] []\OT1/ppl/b/n/12 DEVELOPMENT AND TEST-ING OF A LASER MI-CRO FUR-NACE FOR 
 []

)
\tf@toc=\write3
\openout3 = `dissertation.toc'.

 [4] (./dissertation.lot)
\tf@lot=\write4
\openout4 = `dissertation.lot'.

 [5

] (./dissertation.lof)
\tf@lof=\write5
\openout5 = `dissertation.lof'.

 [6

] [6

] [7


]
CHAPTER 1.
[1



]
CHAPTER 2.
[2


] [3]
CHAPTER 3.
[4


]
CHAPTER 4.
[5


]
APPENDIX A.
[6



]
APPENDIX B.
[7


] (./dissertation.bbl
Underfull \hbox (badness 1394) in paragraph at lines 50--54
\OT1/ppl/m/n/12 nophyric gran-ite in the Fish Canyon Tuff, Col-orado: im-pli-ca
-tions for
 []

[8



]) [9] [10


] (./dissertation.aux)

LaTeX Warning: There were multiply-defined labels.

 ) 
Here is how much of TeX's memory you used:
 3331 strings out of 493633
 47055 string characters out of 3143378
 113966 words of memory out of 3000000
 6568 multiletter control sequences out of 15000+200000
 22610 words of font info for 58 fonts, out of 3000000 for 9000
 831 hyphenation exceptions out of 8191
 40i,18n,46p,974b,448s stack positions out of 5000i,500n,10000p,200000b,50000s
{/usr/local/texlive/2011/texmf-dist/fonts/enc/dvips/base/8r.enc}</usr/local/t
exlive/2011/texmf-dist/fonts/type1/urw/palatino/uplb8a.pfb></usr/local/texlive/
2011/texmf-dist/fonts/type1/urw/palatino/uplr8a.pfb></usr/local/texlive/2011/te
xmf-dist/fonts/type1/urw/palatino/uplr8a.pfb></usr/local/texlive/2011/texmf-dis
t/fonts/type1/urw/palatino/uplri8a.pfb>
Output written on dissertation.pdf (26 pages, 105793 bytes).
PDF statistics:
 122 PDF objects out of 1000 (max. 8388607)
 79 compressed objects within 1 object stream
 0 named destinations out of 1000 (max. 500000)
 51 words of extra memory for PDF output out of 10000 (max. 10000000)

